<?xml version="1.0" encoding="UTF-8"?>
<!-- Generated by org.testng.reporters.JUnitXMLReporter -->
<testsuite ignored="0" hostname="AryaSPersonalPC" failures="0" tests="3" name="Surefire test" time="9.758" errors="0" timestamp="2026-02-18T11:23:30 IST">
  <testcase classname="com.framework.tests.HomePageTest" name="verifyHomePageTitle" time="0.048"/>
  <testcase classname="com.framework.tests.LoginTest" name="validLoginTest" time="0.475"/>
  <testcase classname="com.framework.tests.LoginTest" name="validLoginTest" time="0.375"/>
</testsuite> <!-- Surefire test -->
