<?xml version="1.0" encoding="UTF-8"?>
<!-- Generated by org.testng.reporters.JUnitXMLReporter -->
<testsuite ignored="0" hostname="AryaSPersonalPC" failures="0" tests="5" name="Surefire test" time="18.559" errors="0" timestamp="2026-02-18T13:44:51 IST">
  <testcase classname="com.framework.tests.HomePageTest" name="verifyCartIsDisplayed" time="0.127"/>
  <testcase classname="com.framework.tests.HomePageTest" name="verifyHomePageTitle" time="0.062"/>
  <testcase classname="com.framework.tests.HomePageTest" name="verifylogoIsDisplayed" time="0.098"/>
  <testcase classname="com.framework.tests.LoginTest" name="validLoginTest" time="0.498"/>
  <testcase classname="com.framework.tests.LoginTest" name="validLoginTest" time="0.474"/>
</testsuite> <!-- Surefire test -->
