<?xml version="1.0" encoding="UTF-8"?>
<testng-results ignored="0" total="5" passed="5" failed="0" skipped="0">
  <reporter-output>
  </reporter-output>
  <suite started-at="2026-02-18T13:44:33 IST" name="Surefire suite" finished-at="2026-02-18T13:44:51 IST" duration-ms="18559">
    <groups>
    </groups>
    <test started-at="2026-02-18T13:44:33 IST" name="Surefire test" finished-at="2026-02-18T13:44:51 IST" duration-ms="18559">
      <class name="com.framework.tests.LoginTest">
        <test-method is-config="true" signature="setUp()[pri:0, instance:com.framework.tests.LoginTest@2cbb3d47]" started-at="2026-02-18T13:44:46 IST" name="setUp" finished-at="2026-02-18T13:44:48 IST" duration-ms="1897" status="PASS">
          <reporter-output>
          </reporter-output>
        </test-method> <!-- setUp -->
        <test-method signature="validLoginTest(java.lang.String,java.lang.String)[pri:0, instance:com.framework.tests.LoginTest@2cbb3d47]" started-at="2026-02-18T13:44:48 IST" name="validLoginTest" data-provider="loginData" finished-at="2026-02-18T13:44:48 IST" duration-ms="498" status="PASS">
          <params>
            <param index="0">
              <value>
                <![CDATA[standard_user]]>
              </value>
            </param>
            <param index="1">
              <value>
                <![CDATA[secret_sauce]]>
              </value>
            </param>
          </params>
          <reporter-output>
          </reporter-output>
        </test-method> <!-- validLoginTest -->
        <test-method is-config="true" signature="tearDown()[pri:0, instance:com.framework.tests.LoginTest@2cbb3d47]" started-at="2026-02-18T13:44:48 IST" name="tearDown" finished-at="2026-02-18T13:44:49 IST" duration-ms="197" status="PASS">
          <reporter-output>
          </reporter-output>
        </test-method> <!-- tearDown -->
        <test-method is-config="true" signature="setUp()[pri:0, instance:com.framework.tests.LoginTest@2cbb3d47]" started-at="2026-02-18T13:44:49 IST" name="setUp" finished-at="2026-02-18T13:44:50 IST" duration-ms="1819" status="PASS">
          <reporter-output>
          </reporter-output>
        </test-method> <!-- setUp -->
        <test-method signature="validLoginTest(java.lang.String,java.lang.String)[pri:0, instance:com.framework.tests.LoginTest@2cbb3d47]" started-at="2026-02-18T13:44:50 IST" name="validLoginTest" data-provider="loginData" finished-at="2026-02-18T13:44:51 IST" duration-ms="474" status="PASS">
          <params>
            <param index="0">
              <value>
                <![CDATA[wrong_user]]>
              </value>
            </param>
            <param index="1">
              <value>
                <![CDATA[wrong_pass]]>
              </value>
            </param>
          </params>
          <reporter-output>
          </reporter-output>
        </test-method> <!-- validLoginTest -->
        <test-method is-config="true" signature="tearDown()[pri:0, instance:com.framework.tests.LoginTest@2cbb3d47]" started-at="2026-02-18T13:44:51 IST" name="tearDown" finished-at="2026-02-18T13:44:51 IST" duration-ms="196" status="PASS">
          <reporter-output>
          </reporter-output>
        </test-method> <!-- tearDown -->
      </class> <!-- com.framework.tests.LoginTest -->
      <class name="com.framework.tests.HomePageTest">
        <test-method is-config="true" signature="setUp()[pri:0, instance:com.framework.tests.HomePageTest@7fc229ab]" started-at="2026-02-18T13:44:33 IST" name="setUp" finished-at="2026-02-18T13:44:38 IST" duration-ms="4978" status="PASS">
          <reporter-output>
          </reporter-output>
        </test-method> <!-- setUp -->
        <test-method is-config="true" signature="loginSetup()[pri:0, instance:com.framework.tests.HomePageTest@7fc229ab]" started-at="2026-02-18T13:44:38 IST" name="loginSetup" finished-at="2026-02-18T13:44:38 IST" duration-ms="604" status="PASS">
          <reporter-output>
          </reporter-output>
        </test-method> <!-- loginSetup -->
        <test-method signature="verifyCartIsDisplayed()[pri:0, instance:com.framework.tests.HomePageTest@7fc229ab]" started-at="2026-02-18T13:44:38 IST" name="verifyCartIsDisplayed" finished-at="2026-02-18T13:44:39 IST" duration-ms="127" status="PASS">
          <reporter-output>
          </reporter-output>
        </test-method> <!-- verifyCartIsDisplayed -->
        <test-method is-config="true" signature="tearDown()[pri:0, instance:com.framework.tests.HomePageTest@7fc229ab]" started-at="2026-02-18T13:44:39 IST" name="tearDown" finished-at="2026-02-18T13:44:39 IST" duration-ms="269" status="PASS">
          <reporter-output>
          </reporter-output>
        </test-method> <!-- tearDown -->
        <test-method is-config="true" signature="setUp()[pri:0, instance:com.framework.tests.HomePageTest@7fc229ab]" started-at="2026-02-18T13:44:39 IST" name="setUp" finished-at="2026-02-18T13:44:41 IST" duration-ms="2083" status="PASS">
          <reporter-output>
          </reporter-output>
        </test-method> <!-- setUp -->
        <test-method is-config="true" signature="loginSetup()[pri:0, instance:com.framework.tests.HomePageTest@7fc229ab]" started-at="2026-02-18T13:44:41 IST" name="loginSetup" finished-at="2026-02-18T13:44:42 IST" duration-ms="636" status="PASS">
          <reporter-output>
          </reporter-output>
        </test-method> <!-- loginSetup -->
        <test-method signature="verifyHomePageTitle()[pri:0, instance:com.framework.tests.HomePageTest@7fc229ab]" started-at="2026-02-18T13:44:42 IST" name="verifyHomePageTitle" finished-at="2026-02-18T13:44:42 IST" duration-ms="62" status="PASS">
          <reporter-output>
          </reporter-output>
        </test-method> <!-- verifyHomePageTitle -->
        <test-method is-config="true" signature="tearDown()[pri:0, instance:com.framework.tests.HomePageTest@7fc229ab]" started-at="2026-02-18T13:44:42 IST" name="tearDown" finished-at="2026-02-18T13:44:42 IST" duration-ms="241" status="PASS">
          <reporter-output>
          </reporter-output>
        </test-method> <!-- tearDown -->
        <test-method is-config="true" signature="setUp()[pri:0, instance:com.framework.tests.HomePageTest@7fc229ab]" started-at="2026-02-18T13:44:42 IST" name="setUp" finished-at="2026-02-18T13:44:44 IST" duration-ms="2084" status="PASS">
          <reporter-output>
          </reporter-output>
        </test-method> <!-- setUp -->
        <test-method is-config="true" signature="loginSetup()[pri:0, instance:com.framework.tests.HomePageTest@7fc229ab]" started-at="2026-02-18T13:44:44 IST" name="loginSetup" finished-at="2026-02-18T13:44:45 IST" duration-ms="518" status="PASS">
          <reporter-output>
          </reporter-output>
        </test-method> <!-- loginSetup -->
        <test-method signature="verifylogoIsDisplayed()[pri:0, instance:com.framework.tests.HomePageTest@7fc229ab]" started-at="2026-02-18T13:44:45 IST" name="verifylogoIsDisplayed" finished-at="2026-02-18T13:44:45 IST" duration-ms="98" status="PASS">
          <reporter-output>
          </reporter-output>
        </test-method> <!-- verifylogoIsDisplayed -->
        <test-method is-config="true" signature="tearDown()[pri:0, instance:com.framework.tests.HomePageTest@7fc229ab]" started-at="2026-02-18T13:44:45 IST" name="tearDown" finished-at="2026-02-18T13:44:45 IST" duration-ms="231" status="PASS">
          <reporter-output>
          </reporter-output>
        </test-method> <!-- tearDown -->
      </class> <!-- com.framework.tests.HomePageTest -->
    </test> <!-- Surefire test -->
  </suite> <!-- Surefire suite -->
</testng-results>
