<?xml version="1.0" encoding="UTF-8"?>
<testng-results ignored="0" total="3" passed="3" failed="0" skipped="0">
  <reporter-output>
  </reporter-output>
  <suite started-at="2026-02-18T11:23:21 IST" name="Surefire suite" finished-at="2026-02-18T11:23:30 IST" duration-ms="9758">
    <groups>
    </groups>
    <test started-at="2026-02-18T11:23:21 IST" name="Surefire test" finished-at="2026-02-18T11:23:30 IST" duration-ms="9758">
      <class name="com.framework.tests.LoginTest">
        <test-method is-config="true" signature="setUp()[pri:0, instance:com.framework.tests.LoginTest@5ad851c9]" started-at="2026-02-18T11:23:25 IST" name="setUp" finished-at="2026-02-18T11:23:27 IST" duration-ms="1911" status="PASS">
          <reporter-output>
          </reporter-output>
        </test-method> <!-- setUp -->
        <test-method signature="validLoginTest(java.lang.String,java.lang.String)[pri:0, instance:com.framework.tests.LoginTest@5ad851c9]" started-at="2026-02-18T11:23:27 IST" name="validLoginTest" data-provider="loginData" finished-at="2026-02-18T11:23:28 IST" duration-ms="475" status="PASS">
          <params>
            <param index="0">
              <value>
                <![CDATA[standard_user]]>
              </value>
            </param>
            <param index="1">
              <value>
                <![CDATA[secret_sauce]]>
              </value>
            </param>
          </params>
          <reporter-output>
          </reporter-output>
        </test-method> <!-- validLoginTest -->
        <test-method is-config="true" signature="tearDown()[pri:0, instance:com.framework.tests.LoginTest@5ad851c9]" started-at="2026-02-18T11:23:28 IST" name="tearDown" finished-at="2026-02-18T11:23:28 IST" duration-ms="200" status="PASS">
          <reporter-output>
          </reporter-output>
        </test-method> <!-- tearDown -->
        <test-method is-config="true" signature="setUp()[pri:0, instance:com.framework.tests.LoginTest@5ad851c9]" started-at="2026-02-18T11:23:28 IST" name="setUp" finished-at="2026-02-18T11:23:30 IST" duration-ms="1858" status="PASS">
          <reporter-output>
          </reporter-output>
        </test-method> <!-- setUp -->
        <test-method signature="validLoginTest(java.lang.String,java.lang.String)[pri:0, instance:com.framework.tests.LoginTest@5ad851c9]" started-at="2026-02-18T11:23:30 IST" name="validLoginTest" data-provider="loginData" finished-at="2026-02-18T11:23:30 IST" duration-ms="375" status="PASS">
          <params>
            <param index="0">
              <value>
                <![CDATA[wrong_user]]>
              </value>
            </param>
            <param index="1">
              <value>
                <![CDATA[wrong_pass]]>
              </value>
            </param>
          </params>
          <reporter-output>
          </reporter-output>
        </test-method> <!-- validLoginTest -->
        <test-method is-config="true" signature="tearDown()[pri:0, instance:com.framework.tests.LoginTest@5ad851c9]" started-at="2026-02-18T11:23:30 IST" name="tearDown" finished-at="2026-02-18T11:23:30 IST" duration-ms="212" status="PASS">
          <reporter-output>
          </reporter-output>
        </test-method> <!-- tearDown -->
      </class> <!-- com.framework.tests.LoginTest -->
      <class name="com.framework.tests.HomePageTest">
        <test-method is-config="true" signature="setUp()[pri:0, instance:com.framework.tests.HomePageTest@5c1a8622]" started-at="2026-02-18T11:23:21 IST" name="setUp" finished-at="2026-02-18T11:23:24 IST" duration-ms="3244" status="PASS">
          <reporter-output>
          </reporter-output>
        </test-method> <!-- setUp -->
        <test-method signature="verifyHomePageTitle()[pri:0, instance:com.framework.tests.HomePageTest@5c1a8622]" started-at="2026-02-18T11:23:24 IST" name="verifyHomePageTitle" finished-at="2026-02-18T11:23:24 IST" duration-ms="48" status="PASS">
          <reporter-output>
          </reporter-output>
        </test-method> <!-- verifyHomePageTitle -->
        <test-method is-config="true" signature="tearDown()[pri:0, instance:com.framework.tests.HomePageTest@5c1a8622]" started-at="2026-02-18T11:23:24 IST" name="tearDown" finished-at="2026-02-18T11:23:24 IST" duration-ms="190" status="PASS">
          <reporter-output>
          </reporter-output>
        </test-method> <!-- tearDown -->
      </class> <!-- com.framework.tests.HomePageTest -->
    </test> <!-- Surefire test -->
  </suite> <!-- Surefire suite -->
</testng-results>
