<?xml version="1.0" encoding="UTF-8"?>
<testng-results ignored="0" total="1" passed="1" failed="0" skipped="0">
  <reporter-output>
  </reporter-output>
  <suite started-at="2026-02-18T10:54:33 IST" name="Default suite" finished-at="2026-02-18T10:54:41 IST" duration-ms="7502">
    <groups>
    </groups>
    <test started-at="2026-02-18T10:54:33 IST" name="Default test" finished-at="2026-02-18T10:54:41 IST" duration-ms="7502">
      <class name="com.framework.tests.HomePageTest">
        <test-method is-config="true" signature="setUp()[pri:0, instance:com.framework.tests.HomePageTest@411f53a0]" started-at="2026-02-18T10:54:34 IST" name="setUp" finished-at="2026-02-18T10:54:41 IST" duration-ms="6612" status="PASS">
          <reporter-output>
          </reporter-output>
        </test-method> <!-- setUp -->
        <test-method signature="verifyHomePageTitle()[pri:0, instance:com.framework.tests.HomePageTest@411f53a0]" started-at="2026-02-18T10:54:41 IST" name="verifyHomePageTitle" finished-at="2026-02-18T10:54:41 IST" duration-ms="60" status="PASS">
          <reporter-output>
          </reporter-output>
        </test-method> <!-- verifyHomePageTitle -->
        <test-method is-config="true" signature="tearDown()[pri:0, instance:com.framework.tests.HomePageTest@411f53a0]" started-at="2026-02-18T10:54:41 IST" name="tearDown" finished-at="2026-02-18T10:54:41 IST" duration-ms="277" status="PASS">
          <reporter-output>
          </reporter-output>
        </test-method> <!-- tearDown -->
      </class> <!-- com.framework.tests.HomePageTest -->
    </test> <!-- Default test -->
  </suite> <!-- Default suite -->
</testng-results>
