<?xml version="1.0" encoding="UTF-8"?>
<!-- Generated by org.testng.reporters.JUnitReportReporter -->
<testsuite hostname="AryaSPersonalPC" failures="0" tests="2" name="com.framework.tests.LoginTest" time="5.081" errors="0" timestamp="2026-02-18T13:44:52 IST" skipped="0">
  <testcase classname="com.framework.tests.LoginTest" name="validLoginTest" time="2.489"/>
  <testcase classname="com.framework.tests.LoginTest" name="validLoginTest" time="2.592"/>
</testsuite> <!-- com.framework.tests.LoginTest -->
