<?xml version="1.0" encoding="UTF-8"?>
<!-- Generated by org.testng.reporters.JUnitReportReporter -->
<testsuite hostname="AryaSPersonalPC" failures="0" tests="2" name="com.framework.tests.LoginTest" time="5.031" errors="0" timestamp="2026-02-18T11:23:31 IST" skipped="0">
  <testcase classname="com.framework.tests.LoginTest" name="validLoginTest" time="2.486"/>
  <testcase classname="com.framework.tests.LoginTest" name="validLoginTest" time="2.545"/>
</testsuite> <!-- com.framework.tests.LoginTest -->
