<?xml version="1.0" encoding="UTF-8"?>
<!-- Generated by org.testng.reporters.JUnitReportReporter -->
<testsuite hostname="AryaSPersonalPC" failures="0" tests="3" name="com.framework.tests.HomePageTest" time="11.931" errors="0" timestamp="2026-02-18T13:44:52 IST" skipped="0">
  <testcase classname="com.framework.tests.HomePageTest" name="verifyCartIsDisplayed" time="3.083"/>
  <testcase classname="com.framework.tests.HomePageTest" name="verifyHomePageTitle" time="2.895"/>
  <testcase classname="com.framework.tests.HomePageTest" name="verifylogoIsDisplayed" time="5.953"/>
</testsuite> <!-- com.framework.tests.HomePageTest -->
